<?xml version="1.0" encoding="UTF-8"?>
<testsuite xmlns:xsi="http://www.w3.org/2001/XMLSchema-instance" xsi:noNamespaceSchemaLocation="https://maven.apache.org/surefire/maven-surefire-plugin/xsd/surefire-test-report-3.0.xsd" version="3.0" name="TestSuite" time="29.297" tests="1" errors="0" skipped="0" failures="1">
  <properties>
[...]
</properties>
  <testcase name="runScenario" classname="runner.TestRunner" time="28.287">
    <failure message="Proxy element for: DefaultElementLocator &apos;By.xpath: //button[text()=&apos;Accept All&apos;]&apos;is not available" type="java.lang.AssertionError">java.lang.AssertionError: Proxy element for: DefaultElementLocator 'By.xpath: //button[text()='Accept All']'is not available
</failure>
    <system-out><![CDATA[Thread Id  | Scenario Num       | Step Count
Feature: ValidationTestForLogin

  Background:                          # Features/UITest/ValidationTestForLogin.feature:3
    Given User should be on Login Page # PreconditionSteps.userShouldBeOnLoginPage()
      java.lang.AssertionError: Proxy element for: DefaultElementLocator 'By.xpath: //button[text()='Accept All']'is not available
	at org.testng.Assert.fail(Assert.java:97)
	at utility.SeleniumUtility.clickOnElement(SeleniumUtility.java:43)
	at ActionClasses.CommonUIActions.setAcceptCookies(CommonUIActions.java:24)
	at StepFiles.PreconditionSteps.userShouldBeOnLoginPage(PreconditionSteps.java:19)
	at ?.User should be on Login Page(Features/UITest/ValidationTestForLogin.feature:4)


  @TestNGScenarios
  Scenario: Test Validation for invalid UserName with correct format                                                          # Features/UITest/ValidationTestForLogin.feature:6
    Then user should see the "Log in | Typeform"                                                                              # LoginPageSteps.userShouldSeeThe(String)
    When user enter username as "test@test.com"                                                                               # LoginPageSteps.userEnterUsernameAs(String)
    When user enter password as "Test@1234"                                                                                   # LoginPageSteps.userEnterPasswordAs(String)
    When user click on login button                                                                                           # LoginPageSteps.userClickOnLoginButton()
    Then user get error message as "Your login info isn't right. Try again, or reset your password if it slipped your mind. " # LoginPageSteps.userGetErrorMessageAs(String)
]]></system-out>
    <system-err><![CDATA[SLF4J: Failed to load class "org.slf4j.impl.StaticLoggerBinder".
SLF4J: Defaulting to no-operation (NOP) logger implementation
SLF4J: See http://www.slf4j.org/codes.html#StaticLoggerBinder for further details.
Starting ChromeDriver 90.0.4430.24 (4c6d850f087da467d926e8eddb76550aed655991-refs/branch-heads/4430@{#429}) on port 15482
Only local connections are allowed.
Please see https://chromedriver.chromium.org/security-considerations for suggestions on keeping ChromeDriver safe.
ChromeDriver was started successfully.
[1620023178.520][WARNING]: Deprecated chrome option is ignored: useAutomationExtension
[1620023178.520][WARNING]: Deprecated chrome option is ignored: useAutomationExtension
May 03, 2021 11:56:19 AM org.openqa.selenium.remote.ProtocolHandshake createSession
INFO: Detected dialect: W3C
org.openqa.selenium.TimeoutException: Expected condition failed: waiting for visibility of Proxy element for: DefaultElementLocator 'By.xpath: //button[text()='Accept All']' (tried for 10 second(s) with 2 milliseconds interval)
	at org.openqa.selenium.support.ui.FluentWait.timeoutException(FluentWait.java:304)
	at org.openqa.selenium.support.ui.FluentWait.until(FluentWait.java:272)
	at utility.SeleniumUtility.isElementAvailable(SeleniumUtility.java:58)
	at utility.SeleniumUtility.clickOnElement(SeleniumUtility.java:36)
	at ActionClasses.CommonUIActions.setAcceptCookies(CommonUIActions.java:24)
	at StepFiles.PreconditionSteps.userShouldBeOnLoginPage(PreconditionSteps.java:19)
	at sun.reflect.NativeMethodAccessorImpl.invoke0(Native Method)
	at sun.reflect.NativeMethodAccessorImpl.invoke(NativeMethodAccessorImpl.java:62)
	at sun.reflect.DelegatingMethodAccessorImpl.invoke(DelegatingMethodAccessorImpl.java:43)
	at java.lang.reflect.Method.invoke(Method.java:498)
	at cucumber.runtime.Utils$1.call(Utils.java:40)
	at cucumber.runtime.Timeout.timeout(Timeout.java:16)
	at cucumber.runtime.Utils.invoke(Utils.java:34)
	at cucumber.runtime.java.JavaStepDefinition.execute(JavaStepDefinition.java:37)
	at cucumber.runtime.StepDefinitionMatch.runStep(StepDefinitionMatch.java:40)
	at cucumber.api.TestStep.executeStep(TestStep.java:78)
	at cucumber.api.TestStep.run(TestStep.java:61)
	at cucumber.api.TestCase.run(TestCase.java:28)
	at cucumber.runner.Runner.runPickle(Runner.java:80)
	at cucumber.api.testng.TestNGCucumberRunner.runScenario(TestNGCucumberRunner.java:84)
	at cucumber.api.testng.AbstractTestNGCucumberTests.runScenario(AbstractTestNGCucumberTests.java:22)
	at sun.reflect.NativeMethodAccessorImpl.invoke0(Native Method)
	at sun.reflect.NativeMethodAccessorImpl.invoke(NativeMethodAccessorImpl.java:62)
	at sun.reflect.DelegatingMethodAccessorImpl.invoke(DelegatingMethodAccessorImpl.java:43)
	at java.lang.reflect.Method.invoke(Method.java:498)
	at org.testng.internal.MethodInvocationHelper.invokeMethod(MethodInvocationHelper.java:134)
	at org.testng.internal.TestInvoker.invokeMethod(TestInvoker.java:597)
	at org.testng.internal.TestInvoker.invokeTestMethod(TestInvoker.java:173)
	at org.testng.internal.TestMethodWithDataProviderMethodWorker.call(TestMethodWithDataProviderMethodWorker.java:77)
	at org.testng.internal.TestMethodWithDataProviderMethodWorker.call(TestMethodWithDataProviderMethodWorker.java:15)
	at java.util.concurrent.FutureTask.run(FutureTask.java:266)
	at java.util.concurrent.Executors$RunnableAdapter.call(Executors.java:511)
	at java.util.concurrent.FutureTask.run(FutureTask.java:266)
	at java.util.concurrent.ThreadPoolExecutor.runWorker(ThreadPoolExecutor.java:1149)
	at java.util.concurrent.ThreadPoolExecutor$Worker.run(ThreadPoolExecutor.java:624)
	at java.lang.Thread.run(Thread.java:748)
Caused by: org.openqa.selenium.NoSuchElementException: no such element: Unable to locate element: {"method":"xpath","selector":"//button[text()='Accept All']"}
  (Session info: chrome=90.0.4430.93)
For documentation on this error, please visit: https://www.seleniumhq.org/exceptions/no_such_element.html
Build info: version: '3.141.59', revision: 'e82be7d358', time: '2018-11-14T08:17:03'
System info: host: 'L1123.local', ip: 'fe80:0:0:0:7e:a3c8:cd79:e5d2%en0', os.name: 'Mac OS X', os.arch: 'x86_64', os.version: '10.15.7', java.version: '1.8.0_275'
Driver info: org.openqa.selenium.chrome.ChromeDriver
Capabilities {acceptInsecureCerts: false, browserName: chrome, browserVersion: 90.0.4430.93, chrome: {chromedriverVersion: 90.0.4430.24 (4c6d850f087da..., userDataDir: /var/folders/cq/kq1r5w9s3l1...}, goog:chromeOptions: {debuggerAddress: localhost:50383}, javascriptEnabled: true, networkConnectionEnabled: false, pageLoadStrategy: normal, platform: MAC, platformName: MAC, proxy: Proxy(), setWindowRect: true, strictFileInteractability: false, timeouts: {implicit: 0, pageLoad: 300000, script: 30000}, unhandledPromptBehavior: dismiss and notify, webauthn:extension:largeBlob: true, webauthn:virtualAuthenticators: true}
Session ID: ef87ff98f6673ea400c222f44ac0be48
*** Element info: {Using=xpath, value=//button[text()='Accept All']}
	at sun.reflect.GeneratedConstructorAccessor9.newInstance(Unknown Source)
	at sun.reflect.DelegatingConstructorAccessorImpl.newInstance(DelegatingConstructorAccessorImpl.java:45)
	at java.lang.reflect.Constructor.newInstance(Constructor.java:423)
	at org.openqa.selenium.remote.http.W3CHttpResponseCodec.createException(W3CHttpResponseCodec.java:187)
	at org.openqa.selenium.remote.http.W3CHttpResponseCodec.decode(W3CHttpResponseCodec.java:122)
	at org.openqa.selenium.remote.http.W3CHttpResponseCodec.decode(W3CHttpResponseCodec.java:49)
	at org.openqa.selenium.remote.HttpCommandExecutor.execute(HttpCommandExecutor.java:158)
	at org.openqa.selenium.remote.service.DriverCommandExecutor.execute(DriverCommandExecutor.java:83)
	at org.openqa.selenium.remote.RemoteWebDriver.execute(RemoteWebDriver.java:552)
	at org.openqa.selenium.remote.RemoteWebDriver.findElement(RemoteWebDriver.java:323)
	at org.openqa.selenium.remote.RemoteWebDriver.findElementByXPath(RemoteWebDriver.java:428)
	at org.openqa.selenium.By$ByXPath.findElement(By.java:353)
	at org.openqa.selenium.remote.RemoteWebDriver.findElement(RemoteWebDriver.java:315)
	at org.openqa.selenium.support.pagefactory.DefaultElementLocator.findElement(DefaultElementLocator.java:69)
	at org.openqa.selenium.support.pagefactory.internal.LocatingElementHandler.invoke(LocatingElementHandler.java:38)
	at com.sun.proxy.$Proxy15.isDisplayed(Unknown Source)
	at org.openqa.selenium.support.ui.ExpectedConditions.elementIfVisible(ExpectedConditions.java:314)
	at org.openqa.selenium.support.ui.ExpectedConditions.access$000(ExpectedConditions.java:43)
	at org.openqa.selenium.support.ui.ExpectedConditions$10.apply(ExpectedConditions.java:300)
	at org.openqa.selenium.support.ui.ExpectedConditions$10.apply(ExpectedConditions.java:297)
	at org.openqa.selenium.support.ui.FluentWait.until(FluentWait.java:249)
	... 34 more
]]></system-err>
  </testcase>
</testsuite>