-------------------------------------------------------------------------------
Test set: TestSuite
-------------------------------------------------------------------------------
Tests run: 1, Failures: 1, Errors: 0, Skipped: 0, Time elapsed: 29.297 s <<< FAILURE! - in TestSuite
runScenario(runner.TestRunner)  Time elapsed: 28.287 s  <<< FAILURE!
java.lang.AssertionError: Proxy element for: DefaultElementLocator 'By.xpath: //button[text()='Accept All']'is not available

