<?xml version="1.0" encoding="UTF-8"?>
<!-- Generated by org.testng.reporters.JUnitXMLReporter -->
<testsuite hostname="L1123.local" ignored="0" name="Navigate and Verify Home Page" tests="1" failures="1" timestamp="2021-05-03T11:56:45 IST" time="28.472" errors="0">
  <testcase name="runScenario" time="28.208" classname="cucumber.api.testng.AbstractTestNGCucumberTests">
    <failure type="java.lang.AssertionError" message="Proxy element for: DefaultElementLocator &amp;apos;By.xpath: //button[text()=&amp;apos;Accept All&amp;apos;]&amp;apos;is not available">
      <![CDATA[java.lang.AssertionError: Proxy element for: DefaultElementLocator 'By.xpath: //button[text()='Accept All']'is not available
at utility.SeleniumUtility.clickOnElement(SeleniumUtility.java:43)
at ActionClasses.CommonUIActions.setAcceptCookies(CommonUIActions.java:24)
at StepFiles.PreconditionSteps.userShouldBeOnLoginPage(PreconditionSteps.java:19)
at ✽.User should be on Login Page(Features/UITest/ValidationTestForLogin.feature:4)
... Removed 1 stack frames]]>
    </failure>
  </testcase> <!-- runScenario -->
</testsuite> <!-- Navigate and Verify Home Page -->
