<?xml version="1.0" encoding="UTF-8"?>
<!-- Generated by org.testng.reporters.JUnitReportReporter -->
<testsuite skipped="0" hostname="L1123.local" name="runner.TestRunner" tests="1" failures="1" timestamp="2021-05-03T11:56:46 IST" time="28.208" errors="0">
  <testcase name="runScenario" time="28.208" classname="runner.TestRunner">
    <failure type="java.lang.AssertionError" message="Proxy element for: DefaultElementLocator &#039;By.xpath: //button[text()=&#039;Accept All&#039;]&#039;is not available">
      <![CDATA[java.lang.AssertionError: Proxy element for: DefaultElementLocator 'By.xpath: //button[text()='Accept All']'is not available
at org.testng.Assert.fail(Assert.java:97)
at utility.SeleniumUtility.clickOnElement(SeleniumUtility.java:43)
at ActionClasses.CommonUIActions.setAcceptCookies(CommonUIActions.java:24)
at StepFiles.PreconditionSteps.userShouldBeOnLoginPage(PreconditionSteps.java:19)
at ✽.User should be on Login Page(Features/UITest/ValidationTestForLogin.feature:4)
]]>
    </failure>
  </testcase> <!-- runScenario -->
  <system-out>
<div "result">User should be on Login Page (FAILED : 28s)</div> <div "result">user should see the &quot;Log in | Typeform&quot; (SKIPPED)</div> <div "result">user enter username as &quot;test@test.com&quot; (SKIPPED)</div> <div "result">user enter password as &quot;Test@1234&quot; (SKIPPED)</div> <div "result">user click on login button (SKIPPED)</div> <div "result">user get error message as &quot;Your login info isn&#x27;t right. Try again, or reset your password if it slipped your mind. &quot; (SKIPPED)</div>  </system-out>
</testsuite> <!-- runner.TestRunner -->
